<?xml version="1.0" encoding="UTF-8"?>
<beans xmlns="http://www.springframework.org/schema/beans"
		xmlns:xsi="http://www.w3.org/2001/XMLSchema-instance"
		xmlns:context="http://www.springframework.org/schema/context"
		xmlns:jdbc="http://www.springframework.org/schema/jdbc"
		xmlns:mybatis="http://mybatis.org/schema/mybatis-spring"
		xsi:schemaLocation="http://www.springframework.org/schema/beans http://www.springframework.org/schema/beans/spring-beans.xsd
						http://www.springframework.org/schema/context http://www.springframework.org/schema/context/spring-context.xsd
						http://www.springframework.org/schema/jdbc  http://www.springframework.org/schema/jdbc/spring-jdbc.xsd
						http://mybatis.org/schema/mybatis-spring http://mybatis.org/schema/mybatis-spring.xsd">

	<bean id="dataSource" class="org.apache.commons.dbcp.BasicDataSource" destroy-method="close">
        <property name="driverClassName" value="com.mysql.jdbc.Driver"/>
        <property name="url" value="jdbc:mysql://192.168.0.100:3306/ez_tams" />
        <property name="username" value="tams"/>
        <property name="password" value="eztams_0606"/>
    </bean>
    
    <!-- MyBatis -->
    <bean id="sqlSessionFactory" class="org.mybatis.spring.SqlSessionFactoryBean">
		<property name="dataSource" ref="dataSource" />
		<property name="configLocation" value="classpath:config/mybatis/sqlMapConfig.xml" />
		<property name="mapperLocations" value="classpath:org/ezdevgroup/**/*Mapper.xml" />
	</bean>
    <mybatis:scan base-package="org.ezdevgroup" factory-ref="sqlSessionFactory" />
</beans>
